<?xml version="1.0" encoding="UTF-8" ?>
<testsuite tests="45" failures="0" name="com.mashape.unirest.test.http.UnirestTest" time="14.722" errors="0" skipped="0">
  <properties>
    <property name="java.runtime.name" value="Java(TM) SE Runtime Environment"/>
    <property name="sun.boot.library.path" value="/Library/Java/JavaVirtualMachines/jdk1.8.0_77.jdk/Contents/Home/jre/lib"/>
    <property name="java.vm.version" value="25.77-b03"/>
    <property name="gopherProxySet" value="false"/>
    <property name="java.vm.vendor" value="Oracle Corporation"/>
    <property name="maven.multiModuleProjectDirectory" value="/Users/roslynsierra/NetBeansProjects/unirest-java"/>
    <property name="java.vendor.url" value="http://java.oracle.com/"/>
    <property name="path.separator" value=":"/>
    <property name="guice.disable.misplaced.annotation.check" value="true"/>
    <property name="java.vm.name" value="Java HotSpot(TM) 64-Bit Server VM"/>
    <property name="file.encoding.pkg" value="sun.io"/>
    <property name="user.country" value="US"/>
    <property name="sun.java.launcher" value="SUN_STANDARD"/>
    <property name="sun.os.patch.level" value="unknown"/>
    <property name="java.vm.specification.name" value="Java Virtual Machine Specification"/>
    <property name="user.dir" value="/Users/roslynsierra/NetBeansProjects/unirest-java"/>
    <property name="java.runtime.version" value="1.8.0_77-b03"/>
    <property name="java.awt.graphicsenv" value="sun.awt.CGraphicsEnvironment"/>
    <property name="java.endorsed.dirs" value="/Library/Java/JavaVirtualMachines/jdk1.8.0_77.jdk/Contents/Home/jre/lib/endorsed"/>
    <property name="os.arch" value="x86_64"/>
    <property name="java.io.tmpdir" value="/var/folders/k3/dm48zq_j49j0ds_cw3zgs72h0000gn/T/"/>
    <property name="line.separator" value="
"/>
    <property name="java.vm.specification.vendor" value="Oracle Corporation"/>
    <property name="os.name" value="Mac OS X"/>
    <property name="classworlds.conf" value="/Users/roslynsierra/Downloads/apache-maven-3.3.9/bin/m2.conf"/>
    <property name="sun.jnu.encoding" value="UTF-8"/>
    <property name="java.library.path" value="/Users/roslynsierra/Library/Java/Extensions:/Library/Java/Extensions:/Network/Library/Java/Extensions:/System/Library/Java/Extensions:/usr/lib/java:."/>
    <property name="java.specification.name" value="Java Platform API Specification"/>
    <property name="java.class.version" value="52.0"/>
    <property name="sun.management.compiler" value="HotSpot 64-Bit Tiered Compilers"/>
    <property name="os.version" value="10.12.2"/>
    <property name="http.nonProxyHosts" value="local|*.local|169.254/16|*.169.254/16"/>
    <property name="user.home" value="/Users/roslynsierra"/>
    <property name="user.timezone" value="America/Los_Angeles"/>
    <property name="java.awt.printerjob" value="sun.lwawt.macosx.CPrinterJob"/>
    <property name="java.specification.version" value="1.8"/>
    <property name="file.encoding" value="UTF-8"/>
    <property name="user.name" value="roslynsierra"/>
    <property name="java.class.path" value="/Users/roslynsierra/Downloads/apache-maven-3.3.9/boot/plexus-classworlds-2.5.2.jar"/>
    <property name="java.vm.specification.version" value="1.8"/>
    <property name="sun.arch.data.model" value="64"/>
    <property name="java.home" value="/Library/Java/JavaVirtualMachines/jdk1.8.0_77.jdk/Contents/Home/jre"/>
    <property name="sun.java.command" value="org.codehaus.plexus.classworlds.launcher.Launcher clean assembly:assembly"/>
    <property name="java.specification.vendor" value="Oracle Corporation"/>
    <property name="user.language" value="en"/>
    <property name="awt.toolkit" value="sun.lwawt.macosx.LWCToolkit"/>
    <property name="java.vm.info" value="mixed mode"/>
    <property name="java.version" value="1.8.0_77"/>
    <property name="java.ext.dirs" value="/Users/roslynsierra/Library/Java/Extensions:/Library/Java/JavaVirtualMachines/jdk1.8.0_77.jdk/Contents/Home/jre/lib/ext:/Library/Java/Extensions:/Network/Library/Java/Extensions:/System/Library/Java/Extensions:/usr/lib/java"/>
    <property name="sun.boot.class.path" value="/Library/Java/JavaVirtualMachines/jdk1.8.0_77.jdk/Contents/Home/jre/lib/resources.jar:/Library/Java/JavaVirtualMachines/jdk1.8.0_77.jdk/Contents/Home/jre/lib/rt.jar:/Library/Java/JavaVirtualMachines/jdk1.8.0_77.jdk/Contents/Home/jre/lib/sunrsasign.jar:/Library/Java/JavaVirtualMachines/jdk1.8.0_77.jdk/Contents/Home/jre/lib/jsse.jar:/Library/Java/JavaVirtualMachines/jdk1.8.0_77.jdk/Contents/Home/jre/lib/jce.jar:/Library/Java/JavaVirtualMachines/jdk1.8.0_77.jdk/Contents/Home/jre/lib/charsets.jar:/Library/Java/JavaVirtualMachines/jdk1.8.0_77.jdk/Contents/Home/jre/lib/jfr.jar:/Library/Java/JavaVirtualMachines/jdk1.8.0_77.jdk/Contents/Home/jre/classes"/>
    <property name="java.vendor" value="Oracle Corporation"/>
    <property name="maven.home" value="/Users/roslynsierra/Downloads/apache-maven-3.3.9"/>
    <property name="file.separator" value="/"/>
    <property name="java.vendor.url.bug" value="http://bugreport.sun.com/bugreport/"/>
    <property name="sun.cpu.endian" value="little"/>
    <property name="sun.io.unicode.encoding" value="UnicodeBig"/>
    <property name="socksNonProxyHosts" value="local|*.local|169.254/16|*.169.254/16"/>
    <property name="ftp.nonProxyHosts" value="local|*.local|169.254/16|*.169.254/16"/>
    <property name="sun.cpu.isalist" value=""/>
  </properties>
  <testcase classname="com.mashape.unirest.test.http.UnirestTest" name="testMultipartByteContentType" time="1.104"/>
  <testcase classname="com.mashape.unirest.test.http.UnirestTest" name="testMultipartInputStreamContentTypeAsync" time="0.219"/>
  <testcase classname="com.mashape.unirest.test.http.UnirestTest" name="parallelTest" time="5.767"/>
  <testcase classname="com.mashape.unirest.test.http.UnirestTest" name="testPostArray" time="0.088"/>
  <testcase classname="com.mashape.unirest.test.http.UnirestTest" name="testGetArray" time="0.085"/>
  <testcase classname="com.mashape.unirest.test.http.UnirestTest" name="testGet" time="0.178"/>
  <testcase classname="com.mashape.unirest.test.http.UnirestTest" name="testCustomUserAgent" time="0.085"/>
  <testcase classname="com.mashape.unirest.test.http.UnirestTest" name="testAsync" time="0.17"/>
  <testcase classname="com.mashape.unirest.test.http.UnirestTest" name="testGzip" time="0.09"/>
  <testcase classname="com.mashape.unirest.test.http.UnirestTest" name="testPathParameters2" time="0.086"/>
  <testcase classname="com.mashape.unirest.test.http.UnirestTest" name="testBasicAuth" time="0.091"/>
  <testcase classname="com.mashape.unirest.test.http.UnirestTest" name="testGzipAsync" time="0.087"/>
  <testcase classname="com.mashape.unirest.test.http.UnirestTest" name="testQueryStringEncoding" time="0.087"/>
  <testcase classname="com.mashape.unirest.test.http.UnirestTest" name="testSetTimeouts" time="1.019"/>
  <testcase classname="com.mashape.unirest.test.http.UnirestTest" name="testGetFields2" time="0.161"/>
  <testcase classname="com.mashape.unirest.test.http.UnirestTest" name="testMultipart" time="0.088"/>
  <testcase classname="com.mashape.unirest.test.http.UnirestTest" name="testGetUTF8" time="0.083"/>
  <testcase classname="com.mashape.unirest.test.http.UnirestTest" name="testPostCollection" time="0.085"/>
  <testcase classname="com.mashape.unirest.test.http.UnirestTest" name="testAsyncCallback" time="0.17"/>
  <testcase classname="com.mashape.unirest.test.http.UnirestTest" name="testMultipartInputStreamContentType" time="0.171"/>
  <testcase classname="com.mashape.unirest.test.http.UnirestTest" name="testObjectMapperRead" time="0.569"/>
  <testcase classname="com.mashape.unirest.test.http.UnirestTest" name="testPostProvidesSortedParams" time="0.006"/>
  <testcase classname="com.mashape.unirest.test.http.UnirestTest" name="testHeaderNamesCaseSensitive" time="0"/>
  <testcase classname="com.mashape.unirest.test.http.UnirestTest" name="testRequests" time="0.083"/>
  <testcase classname="com.mashape.unirest.test.http.UnirestTest" name="testQueryAndBodyParameters" time="0.087"/>
  <testcase classname="com.mashape.unirest.test.http.UnirestTest" name="testPostBinaryUTF8" time="0.086"/>
  <testcase classname="com.mashape.unirest.test.http.UnirestTest" name="testObjectMapperWrite" time="0.269"/>
  <testcase classname="com.mashape.unirest.test.http.UnirestTest" name="testMultipartContentType" time="0.167"/>
  <testcase classname="com.mashape.unirest.test.http.UnirestTest" name="testPostRawBody" time="0.084"/>
  <testcase classname="com.mashape.unirest.test.http.UnirestTest" name="testDeleteBody" time="0.087"/>
  <testcase classname="com.mashape.unirest.test.http.UnirestTest" name="testMissingPathParameter" time="0"/>
  <testcase classname="com.mashape.unirest.test.http.UnirestTest" name="testGetFields" time="0.083"/>
  <testcase classname="com.mashape.unirest.test.http.UnirestTest" name="testDelete" time="0.171"/>
  <testcase classname="com.mashape.unirest.test.http.UnirestTest" name="testPostMultipleFiles" time="0.095"/>
  <testcase classname="com.mashape.unirest.test.http.UnirestTest" name="testPostUTF8" time="0.083"/>
  <testcase classname="com.mashape.unirest.test.http.UnirestTest" name="testAsyncCustomContentTypeAndFormParams" time="0.168"/>
  <testcase classname="com.mashape.unirest.test.http.UnirestTest" name="testDefaultHeaders" time="0.273"/>
  <testcase classname="com.mashape.unirest.test.http.UnirestTest" name="testMultipartAsync" time="0.085"/>
  <testcase classname="com.mashape.unirest.test.http.UnirestTest" name="testMultipartByteContentTypeAsync" time="0.091"/>
  <testcase classname="com.mashape.unirest.test.http.UnirestTest" name="setTimeoutsAndCustomClient" time="0.017"/>
  <testcase classname="com.mashape.unirest.test.http.UnirestTest" name="testCaseInsensitiveHeaders" time="0.253"/>
  <testcase classname="com.mashape.unirest.test.http.UnirestTest" name="testAsyncCustomContentType" time="0.171"/>
  <testcase classname="com.mashape.unirest.test.http.UnirestTest" name="testPathParameters" time="0.084"/>
  <testcase classname="com.mashape.unirest.test.http.UnirestTest" name="testGetMultiple" time="1.711"/>
  <testcase classname="com.mashape.unirest.test.http.UnirestTest" name="testGetQuerystringArray" time="0.085"/>
</testsuite>